<?xml version="1.0" encoding="UTF-8"?>
<testng-results ignored="0" total="1" passed="1" failed="0" skipped="0">
  <reporter-output>
    <line>
      <![CDATA[---DataBase connection established---]]>
    </line>
    <line>
      <![CDATA[Browser is maximised]]>
    </line>
    <line>
      <![CDATA[---Database connection removed--]]>
    </line>
  </reporter-output>
  <suite started-at="2024-08-08T07:37:20 IST" name="Default suite" finished-at="2024-08-08T07:37:32 IST" duration-ms="12494">
    <groups>
    </groups>
    <test started-at="2024-08-08T07:37:20 IST" name="Default test" finished-at="2024-08-08T07:37:32 IST" duration-ms="12494">
      <class name="TestScripts.Registertest">
        <test-method is-config="true" signature="beforesuiteconfig()[pri:0, instance:TestScripts.Registertest@399f45b1]" started-at="2024-08-08T07:37:20 IST" name="beforesuiteconfig" finished-at="2024-08-08T07:37:20 IST" duration-ms="12" status="PASS">
          <reporter-output>
            <line>
              <![CDATA[---DataBase connection established---]]>
            </line>
          </reporter-output>
        </test-method> <!-- beforesuiteconfig -->
        <test-method is-config="true" signature="LaunchBrowser()[pri:0, instance:TestScripts.Registertest@399f45b1]" started-at="2024-08-08T07:37:20 IST" name="LaunchBrowser" finished-at="2024-08-08T07:37:23 IST" duration-ms="2816" status="PASS">
          <reporter-output>
            <line>
              <![CDATA[Browser is maximised]]>
            </line>
          </reporter-output>
        </test-method> <!-- LaunchBrowser -->
        <test-method is-config="true" signature="NavigateToApplication()[pri:0, instance:TestScripts.Registertest@399f45b1]" started-at="2024-08-08T07:37:23 IST" name="NavigateToApplication" finished-at="2024-08-08T07:37:28 IST" duration-ms="4906" status="PASS">
          <reporter-output>
          </reporter-output>
        </test-method> <!-- NavigateToApplication -->
        <test-method signature="registeringToApplication()[pri:0, instance:TestScripts.Registertest@399f45b1]" started-at="2024-08-08T07:37:28 IST" name="registeringToApplication" finished-at="2024-08-08T07:37:32 IST" duration-ms="4437" status="PASS">
          <reporter-output>
          </reporter-output>
        </test-method> <!-- registeringToApplication -->
        <test-method is-config="true" signature="LogoutFromApplication()[pri:0, instance:TestScripts.Registertest@399f45b1]" started-at="2024-08-08T07:37:32 IST" name="LogoutFromApplication" finished-at="2024-08-08T07:37:32 IST" duration-ms="0" status="PASS">
          <reporter-output>
          </reporter-output>
        </test-method> <!-- LogoutFromApplication -->
        <test-method is-config="true" signature="CloseTheBrowser()[pri:0, instance:TestScripts.Registertest@399f45b1]" started-at="2024-08-08T07:37:32 IST" name="CloseTheBrowser" finished-at="2024-08-08T07:37:32 IST" duration-ms="283" status="PASS">
          <reporter-output>
          </reporter-output>
        </test-method> <!-- CloseTheBrowser -->
        <test-method is-config="true" signature="AfterSuiteConfig()[pri:0, instance:TestScripts.Registertest@399f45b1]" started-at="2024-08-08T07:37:33 IST" name="AfterSuiteConfig" finished-at="2024-08-08T07:37:33 IST" duration-ms="0" status="PASS">
          <reporter-output>
            <line>
              <![CDATA[---Database connection removed--]]>
            </line>
          </reporter-output>
        </test-method> <!-- AfterSuiteConfig -->
      </class> <!-- TestScripts.Registertest -->
    </test> <!-- Default test -->
  </suite> <!-- Default suite -->
</testng-results>
